C:\USERS\TWINSEN\DESKTOP\COCOS2D-X-2.2\TEMPLATE\PARTICLEBATTLE2 - TEST\PROJ.WIN32\DEBUG.WIN32\FOLLOWINGMOVEMENT.OBJ
C:\USERS\TWINSEN\DESKTOP\COCOS2D-X-2.2\TEMPLATE\PARTICLEBATTLE2 - TEST\PROJ.WIN32\DEBUG.WIN32\GLOBALFUNC.OBJ
C:\USERS\TWINSEN\DESKTOP\COCOS2D-X-2.2\TEMPLATE\PARTICLEBATTLE2 - TEST\PROJ.WIN32\DEBUG.WIN32\BACKGROUNDLAYER.OBJ
C:\USERS\TWINSEN\DESKTOP\COCOS2D-X-2.2\TEMPLATE\PARTICLEBATTLE2 - TEST\PROJ.WIN32\DEBUG.WIN32\BULLETLAYER.OBJ
C:\USERS\TWINSEN\DESKTOP\COCOS2D-X-2.2\TEMPLATE\PARTICLEBATTLE2 - TEST\PROJ.WIN32\DEBUG.WIN32\ENEMYLAYER.OBJ
C:\USERS\TWINSEN\DESKTOP\COCOS2D-X-2.2\TEMPLATE\PARTICLEBATTLE2 - TEST\PROJ.WIN32\DEBUG.WIN32\GAMINGLAYER.OBJ
C:\USERS\TWINSEN\DESKTOP\COCOS2D-X-2.2\TEMPLATE\PARTICLEBATTLE2 - TEST\PROJ.WIN32\DEBUG.WIN32\LAYERPARTICLE.OBJ
C:\USERS\TWINSEN\DESKTOP\COCOS2D-X-2.2\TEMPLATE\PARTICLEBATTLE2 - TEST\PROJ.WIN32\DEBUG.WIN32\UILAYER.OBJ
C:\USERS\TWINSEN\DESKTOP\COCOS2D-X-2.2\TEMPLATE\PARTICLEBATTLE2 - TEST\PROJ.WIN32\DEBUG.WIN32\BULLET.OBJ
C:\USERS\TWINSEN\DESKTOP\COCOS2D-X-2.2\TEMPLATE\PARTICLEBATTLE2 - TEST\PROJ.WIN32\DEBUG.WIN32\ENEMY.OBJ
C:\USERS\TWINSEN\DESKTOP\COCOS2D-X-2.2\TEMPLATE\PARTICLEBATTLE2 - TEST\PROJ.WIN32\DEBUG.WIN32\ENTITY.OBJ
C:\USERS\TWINSEN\DESKTOP\COCOS2D-X-2.2\TEMPLATE\PARTICLEBATTLE2 - TEST\PROJ.WIN32\DEBUG.WIN32\MACHINEGUN.OBJ
C:\USERS\TWINSEN\DESKTOP\COCOS2D-X-2.2\TEMPLATE\PARTICLEBATTLE2 - TEST\PROJ.WIN32\DEBUG.WIN32\BATTLESHIP.OBJ
C:\USERS\TWINSEN\DESKTOP\COCOS2D-X-2.2\TEMPLATE\PARTICLEBATTLE2 - TEST\PROJ.WIN32\DEBUG.WIN32\EMITTEREXTENDS.OBJ
C:\USERS\TWINSEN\DESKTOP\COCOS2D-X-2.2\TEMPLATE\PARTICLEBATTLE2 - TEST\PROJ.WIN32\DEBUG.WIN32\GAMESCENE.OBJ
C:\USERS\TWINSEN\DESKTOP\COCOS2D-X-2.2\TEMPLATE\PARTICLEBATTLE2 - TEST\PROJ.WIN32\DEBUG.WIN32\SNEAKYBUTTON.OBJ
C:\USERS\TWINSEN\DESKTOP\COCOS2D-X-2.2\TEMPLATE\PARTICLEBATTLE2 - TEST\PROJ.WIN32\DEBUG.WIN32\SNEAKYBUTTONSKINNEDBASE.OBJ
C:\USERS\TWINSEN\DESKTOP\COCOS2D-X-2.2\TEMPLATE\PARTICLEBATTLE2 - TEST\PROJ.WIN32\DEBUG.WIN32\SNEAKYJOYSTICK.OBJ
C:\USERS\TWINSEN\DESKTOP\COCOS2D-X-2.2\TEMPLATE\PARTICLEBATTLE2 - TEST\PROJ.WIN32\DEBUG.WIN32\SNEAKYJOYSTICKSKINNEDBASE.OBJ
C:\USERS\TWINSEN\DESKTOP\COCOS2D-X-2.2\TEMPLATE\PARTICLEBATTLE2 - TEST\PROJ.WIN32\DEBUG.WIN32\MAIN.OBJ
C:\USERS\TWINSEN\DESKTOP\COCOS2D-X-2.2\TEMPLATE\PARTICLEBATTLE2 - TEST\PROJ.WIN32\DEBUG.WIN32\APPDELEGATE.OBJ
C:\USERS\TWINSEN\DESKTOP\COCOS2D-X-2.2\TEMPLATE\PARTICLEBATTLE2 - TEST\PROJ.WIN32\DEBUG.WIN32\BLINEARMOTION.OBJ
C:\USERS\TWINSEN\DESKTOP\COCOS2D-X-2.2\TEMPLATE\PARTICLEBATTLE2 - TEST\PROJ.WIN32\DEBUG.WIN32\VC110.PDB
C:\USERS\TWINSEN\DESKTOP\COCOS2D-X-2.2\TEMPLATE\PARTICLEBATTLE2 - TEST\PROJ.WIN32\DEBUG.WIN32\HELLOCPP.ILK
C:\USERS\TWINSEN\DESKTOP\COCOS2D-X-2.2\TEMPLATE\PARTICLEBATTLE2 - TEST\PROJ.WIN32\DEBUG.WIN32\HELLOCPP.EXE
C:\USERS\TWINSEN\DESKTOP\COCOS2D-X-2.2\TEMPLATE\PARTICLEBATTLE2 - TEST\PROJ.WIN32\DEBUG.WIN32\HELLOCPP.PDB
C:\Users\Twinsen\Desktop\cocos2d-x-2.2\template\ParticleBattle2 - test\proj.win32\Debug.win32\AppDelegate.obj
C:\Users\Twinsen\Desktop\cocos2d-x-2.2\template\ParticleBattle2 - test\proj.win32\Debug.win32\BackGroundLayer.obj
C:\Users\Twinsen\Desktop\cocos2d-x-2.2\template\ParticleBattle2 - test\proj.win32\Debug.win32\BattleShip.obj
C:\Users\Twinsen\Desktop\cocos2d-x-2.2\template\ParticleBattle2 - test\proj.win32\Debug.win32\BLinearMotion.obj
C:\Users\Twinsen\Desktop\cocos2d-x-2.2\template\ParticleBattle2 - test\proj.win32\Debug.win32\Bullet.obj
C:\Users\Twinsen\Desktop\cocos2d-x-2.2\template\ParticleBattle2 - test\proj.win32\Debug.win32\BulletLayer.obj
C:\Users\Twinsen\Desktop\cocos2d-x-2.2\template\ParticleBattle2 - test\proj.win32\Debug.win32\EmitterExtends.obj
C:\Users\Twinsen\Desktop\cocos2d-x-2.2\template\ParticleBattle2 - test\proj.win32\Debug.win32\Enemy.obj
C:\Users\Twinsen\Desktop\cocos2d-x-2.2\template\ParticleBattle2 - test\proj.win32\Debug.win32\EnemyLayer.obj
C:\Users\Twinsen\Desktop\cocos2d-x-2.2\template\ParticleBattle2 - test\proj.win32\Debug.win32\Entity.obj
C:\Users\Twinsen\Desktop\cocos2d-x-2.2\template\ParticleBattle2 - test\proj.win32\Debug.win32\FollowingMovement.obj
C:\Users\Twinsen\Desktop\cocos2d-x-2.2\template\ParticleBattle2 - test\proj.win32\Debug.win32\GameScene.obj
C:\Users\Twinsen\Desktop\cocos2d-x-2.2\template\ParticleBattle2 - test\proj.win32\Debug.win32\GamingLayer.obj
C:\Users\Twinsen\Desktop\cocos2d-x-2.2\template\ParticleBattle2 - test\proj.win32\Debug.win32\GlobalFunc.obj
C:\Users\Twinsen\Desktop\cocos2d-x-2.2\template\ParticleBattle2 - test\proj.win32\Debug.win32\LayerParticle.obj
C:\Users\Twinsen\Desktop\cocos2d-x-2.2\template\ParticleBattle2 - test\proj.win32\Debug.win32\main.obj
C:\Users\Twinsen\Desktop\cocos2d-x-2.2\template\ParticleBattle2 - test\proj.win32\Debug.win32\SneakyButton.obj
C:\Users\Twinsen\Desktop\cocos2d-x-2.2\template\ParticleBattle2 - test\proj.win32\Debug.win32\SneakyButtonSkinnedBase.obj
C:\Users\Twinsen\Desktop\cocos2d-x-2.2\template\ParticleBattle2 - test\proj.win32\Debug.win32\SneakyJoystick.obj
C:\Users\Twinsen\Desktop\cocos2d-x-2.2\template\ParticleBattle2 - test\proj.win32\Debug.win32\SneakyJoystickSkinnedBase.obj
C:\Users\Twinsen\Desktop\cocos2d-x-2.2\template\ParticleBattle2 - test\proj.win32\Debug.win32\UILayer.obj
C:\Users\Twinsen\Desktop\cocos2d-x-2.2\template\ParticleBattle2 - test\proj.win32\Debug.win32\HelloCpp.ilk
C:\Users\Twinsen\Desktop\cocos2d-x-2.2\template\ParticleBattle2 - test\proj.win32\Debug.win32\cl.command.1.tlog
C:\Users\Twinsen\Desktop\cocos2d-x-2.2\template\ParticleBattle2 - test\proj.win32\Debug.win32\CL.read.1.tlog
C:\Users\Twinsen\Desktop\cocos2d-x-2.2\template\ParticleBattle2 - test\proj.win32\Debug.win32\CL.write.1.tlog
C:\Users\Twinsen\Desktop\cocos2d-x-2.2\template\ParticleBattle2 - test\proj.win32\Debug.win32\link-cvtres.read.1.tlog
C:\Users\Twinsen\Desktop\cocos2d-x-2.2\template\ParticleBattle2 - test\proj.win32\Debug.win32\link-cvtres.write.1.tlog
C:\Users\Twinsen\Desktop\cocos2d-x-2.2\template\ParticleBattle2 - test\proj.win32\Debug.win32\link-rc.read.1.tlog
C:\Users\Twinsen\Desktop\cocos2d-x-2.2\template\ParticleBattle2 - test\proj.win32\Debug.win32\link-rc.write.1.tlog
C:\Users\Twinsen\Desktop\cocos2d-x-2.2\template\ParticleBattle2 - test\proj.win32\Debug.win32\link.command.1.tlog
C:\Users\Twinsen\Desktop\cocos2d-x-2.2\template\ParticleBattle2 - test\proj.win32\Debug.win32\link.read.1.tlog
C:\Users\Twinsen\Desktop\cocos2d-x-2.2\template\ParticleBattle2 - test\proj.win32\Debug.win32\link.write.1.tlog
C:\Users\Twinsen\Desktop\cocos2d-x-2.2\template\ParticleBattle2 - test\proj.win32\Debug.win32\libcocos2d.exp
C:\Users\Twinsen\Desktop\cocos2d-x-2.2\template\ParticleBattle2 - test\proj.win32\Debug.win32\libCocosDenshion.exp
C:\Users\Twinsen\Desktop\cocos2d-x-2.2\template\ParticleBattle2 - test\proj.win32\Debug.win32\vc110.idb
C:\Users\Twinsen\Desktop\cocos2d-x-2.2\template\ParticleBattle2 - test\proj.win32\Debug.win32\HelloCpp.pdb
C:\Users\Twinsen\Desktop\cocos2d-x-2.2\template\ParticleBattle2 - test\proj.win32\Debug.win32\libcocos2d.pdb
C:\Users\Twinsen\Desktop\cocos2d-x-2.2\template\ParticleBattle2 - test\proj.win32\Debug.win32\libCocosDenshion.pdb
C:\Users\Twinsen\Desktop\cocos2d-x-2.2\template\ParticleBattle2 - test\proj.win32\Debug.win32\vc110.pdb
C:\Users\Twinsen\Desktop\cocos2d-x-2.2\template\ParticleBattle2 - test\proj.win32\Debug.win32\HelloCpp.exe
